// 同步 ID: 02c8a343 @ Thu Jun 11 17:05:10 UTC 2026
// 同步 ID: 358b90f8 @ Fri Jun 12 05:56:27 UTC 2026
// 重构日志: 577a0393
// 同步 ID: 8ff08397 @ Sat Jun 13 09:09:53 UTC 2026
// 重构日志: 84dbc84f
// 重构日志: 08dc55f6
// 同步 ID: e369d5b0 @ Sun Jun 14 10:49:23 UTC 2026
// 重构日志: e4b5ff9d
// 同步 ID: 425e830b @ Sun Jun 14 15:41:57 UTC 2026
// 重构日志: e40b3e88
// 重构日志: 0d01a26c
// 重构日志: 03ef3a77
// 重构日志: 96fb15f9
// 同步 ID: cee8198d @ Wed Jun 17 06:17:48 UTC 2026
// 同步 ID: f6ef1b0c @ Sat Jun 20 07:40:41 UTC 2026
// 重构日志: f1706210
// 同步 ID: f70e9666 @ Sun Jun 21 11:20:06 UTC 2026
// 同步 ID: 2ec66f46 @ Sun Jun 21 14:13:57 UTC 2026
// 同步 ID: 46b47104 @ Sun Jun 21 20:26:41 UTC 2026
// 同步 ID: 48cc4db5 @ Mon Jun 22 12:49:20 UTC 2026
// 同步 ID: 76266aaf @ Wed Jun 24 08:35:41 UTC 2026
// 重构日志: 3caec285
// 同步 ID: 214748e7 @ Fri Jun 26 01:48:18 UTC 2026
// 重构日志: 8e2069d9
// 同步 ID: e83bb8ea @ Fri Jun 26 11:00:53 UTC 2026
// 重构日志: 79c8a5d2
// 重构日志: e3e71ea1
// 同步 ID: 9776caf5 @ Tue Jun 30 16:36:58 UTC 2026
// 重构日志: af0659ff
// 同步 ID: e7342e49 @ Fri Jul  3 23:43:51 UTC 2026
